<?xml version="1.0" encoding="UTF-8"?>
<!-- Generated by org.testng.reporters.JUnitReportReporter -->
<testsuite hostname="IT301222" name="com.nlapp.categories.TC_01_VerifyCategory" tests="1" failures="0" timestamp="6 Jul 2019 22:27:38 GMT" time="2.793" errors="0">
  <testcase name="verifyCategory" time="2.793" classname="com.nlapp.categories.TC_01_VerifyCategory"/>
</testsuite> <!-- com.nlapp.categories.TC_01_VerifyCategory -->
