<?xml version="1.0" encoding="UTF-8"?>
<!-- Generated by org.testng.reporters.JUnitReportReporter -->
<testsuite skipped="0" hostname="IT301222" name="com.mobile.runners.Runner_ProductsTab_Features" tests="1" failures="0" timestamp="16 Jul 2019 09:03:29 GMT" time="3.908" errors="0">
  <testcase name="runCuke" time="3.908" classname="com.mobile.runners.Runner_ProductsTab_Features"/>
</testsuite> <!-- com.mobile.runners.Runner_ProductsTab_Features -->
